[debug] [2020-07-27T14:58:44.024Z] ----------------------------------------------------------------------
[debug] [2020-07-27T14:58:44.024Z] Command:       C:\Program Files\nodejs\node.exe C:\Users\andre\AppData\Roaming\npm\node_modules\firebase-tools\lib\bin\firebase.js serve --only functions,hosting
[debug] [2020-07-27T14:58:44.024Z] CLI Version:   8.6.0
[debug] [2020-07-27T14:58:44.024Z] Platform:      win32
[debug] [2020-07-27T14:58:44.024Z] Node Version:  v12.18.2
[debug] [2020-07-27T14:58:44.024Z] Time:          Mon Jul 27 2020 16:58:44 GMT+0200 (GMT+02:00)
[debug] [2020-07-27T14:58:44.024Z] ----------------------------------------------------------------------
[debug] [2020-07-27T14:58:44.024Z] 
[debug] [2020-07-27T14:58:44.040Z] > command requires scopes: ["email","openid","https://www.googleapis.com/auth/cloudplatformprojects.readonly","https://www.googleapis.com/auth/firebase","https://www.googleapis.com/auth/cloud-platform"]
[debug] [2020-07-27T14:58:44.040Z] > authorizing via signed-in user
[debug] [2020-07-27T14:58:44.040Z] [iam] checking project projectone-ac97c for permissions ["firebase.projects.get"]
[debug] [2020-07-27T14:58:44.055Z] >>> HTTP REQUEST POST https://cloudresourcemanager.googleapis.com/v1/projects/projectone-ac97c:testIamPermissions  
 {"permissions":["firebase.projects.get"]}
[debug] [2020-07-27T14:58:44.860Z] <<< HTTP RESPONSE 200 {"content-type":"application/json; charset=UTF-8","vary":"X-Origin, Referer, Origin,Accept-Encoding","date":"Mon, 27 Jul 2020 14:58:46 GMT","server":"ESF","cache-control":"private","x-xss-protection":"0","x-frame-options":"SAMEORIGIN","x-content-type-options":"nosniff","server-timing":"gfet4t7; dur=635","alt-svc":"h3-29=\":443\"; ma=2592000,h3-27=\":443\"; ma=2592000,h3-T050=\":443\"; ma=2592000,h3-Q050=\":443\"; ma=2592000,h3-Q046=\":443\"; ma=2592000,h3-Q043=\":443\"; ma=2592000,quic=\":443\"; ma=2592000; v=\"46,43\"","accept-ranges":"none","transfer-encoding":"chunked"}
[debug] [2020-07-27T14:58:44.866Z] >>> HTTP REQUEST GET https://firebase.googleapis.com/v1beta1/projects/projectone-ac97c  
 
[debug] [2020-07-27T14:58:45.103Z] <<< HTTP RESPONSE 200 {"content-type":"application/json; charset=UTF-8","vary":"X-Origin, Referer, Origin,Accept-Encoding","date":"Mon, 27 Jul 2020 14:58:47 GMT","server":"ESF","cache-control":"private","x-xss-protection":"0","x-frame-options":"SAMEORIGIN","x-content-type-options":"nosniff","alt-svc":"h3-29=\":443\"; ma=2592000,h3-27=\":443\"; ma=2592000,h3-T050=\":443\"; ma=2592000,h3-Q050=\":443\"; ma=2592000,h3-Q046=\":443\"; ma=2592000,h3-Q043=\":443\"; ma=2592000,quic=\":443\"; ma=2592000; v=\"46,43\"","accept-ranges":"none","transfer-encoding":"chunked"}
[debug] [2020-07-27T14:58:45.123Z] >>> HTTP REQUEST GET https://firebase.googleapis.com/v1beta1/projects/projectone-ac97c/webApps/-/config  
 
[debug] [2020-07-27T14:58:45.230Z] TypeError [ERR_INVALID_ARG_TYPE]: The "path" argument must be of type string. Received undefined
    at validateString (internal/validators.js:120:11)
    at Object.join (path.js:375:7)
    at Object.<anonymous> (C:\Users\andre\AppData\Roaming\npm\node_modules\firebase-tools\lib\serve\functions.js:21:39)
    at Generator.next (<anonymous>)
    at C:\Users\andre\AppData\Roaming\npm\node_modules\firebase-tools\lib\serve\functions.js:8:71
    at new Promise (<anonymous>)
    at __awaiter (C:\Users\andre\AppData\Roaming\npm\node_modules\firebase-tools\lib\serve\functions.js:4:12)
    at Object.start (C:\Users\andre\AppData\Roaming\npm\node_modules\firebase-tools\lib\serve\functions.js:19:16)
    at C:\Users\andre\AppData\Roaming\npm\node_modules\firebase-tools\lib\serve\index.js:24:40
    at arrayMap (C:\Users\andre\AppData\Roaming\npm\node_modules\firebase-tools\node_modules\lodash\lodash.js:639:23)
    at Function.map (C:\Users\andre\AppData\Roaming\npm\node_modules\firebase-tools\node_modules\lodash\lodash.js:9580:14)
    at C:\Users\andre\AppData\Roaming\npm\node_modules\firebase-tools\lib\serve\index.js:23:29
    at Generator.next (<anonymous>)
    at C:\Users\andre\AppData\Roaming\npm\node_modules\firebase-tools\lib\serve\index.js:8:71
    at new Promise (<anonymous>)
    at __awaiter (C:\Users\andre\AppData\Roaming\npm\node_modules\firebase-tools\lib\serve\index.js:4:12)
[error] 
[error] Error: An unexpected error has occurred.
